<?xml version="1.0" encoding="UTF-8"?>
<!-- Generated by org.testng.reporters.JUnitXMLReporter -->
<testsuite ignored="0" hostname="LIN65003356" failures="1" tests="1" name="Surefire test" time="5.37" errors="0" timestamp="2025-03-04T17:14:05 IST">
  <testcase classname="io.cucumber.testng.AbstractTestNGCucumberTests" name="runScenario" time="4.613">
    <failure type="java.lang.AssertionError" message="expected [200] but found [404]">
      <![CDATA[java.lang.AssertionError: expected [200] but found [404]
at StepDefinitions.stepdefAddplace.validate_api_call_is_success_status_code_is(stepdefAddplace.java:69)
at ✽.validate Api call is success status code is 200(file:///C:/Users/VPAVAN/ec1/Bdd2/src/test/java/feature/placevalidations.feature:18)
... Removed 7 stack frames]]>
    </failure>
  </testcase> <!-- runScenario -->
</testsuite> <!-- Surefire test -->
